#
# There is insufficient memory for the Java Runtime Environment to continue.
# Native memory allocation (mmap) failed to map 113246208 bytes for G1 virtual space
# Possible reasons:
#   The system is out of physical RAM or swap space
#   The process is running with CompressedOops enabled, and the Java Heap may be blocking the growth of the native heap
# Possible solutions:
#   Reduce memory load on the system
#   Increase physical memory or swap space
#   Check if swap backing store is full
#   Decrease Java heap size (-Xmx/-Xms)
#   Decrease number of Java threads
#   Decrease Java thread stack sizes (-Xss)
#   Set larger code cache with -XX:ReservedCodeCacheSize=
#   JVM is running with Unscaled Compressed Oops mode in which the Java heap is
#     placed in the first 4GB address space. The Java Heap base address is the
#     maximum limit for the native heap growth. Please use -XX:HeapBaseMinAddress
#     to set the Java Heap base and to place the Java Heap above 4GB virtual address.
# This output file may be truncated or incomplete.
#
#  Out of Memory Error (os_windows.cpp:3617), pid=1784, tid=2132
#
# JRE version: OpenJDK Runtime Environment Temurin-17.0.8.1+1 (17.0.8.1+1) (build 17.0.8.1+1)
# Java VM: OpenJDK 64-Bit Server VM Temurin-17.0.8.1+1 (17.0.8.1+1, mixed mode, emulated-client, tiered, compressed oops, compressed class ptrs, g1 gc, windows-amd64)
# No core dump will be written. Minidumps are not enabled by default on client versions of Windows
#

---------------  S U M M A R Y ------------

Command Line: -XX:+HeapDumpOnOutOfMemoryError -Xmx1024m -Dsts.lsp.client=vscode -Dsts.log.file=/dev/null -XX:TieredStopAtLevel=1 -Xlog:jni+resolve=off -Dspring.config.location=file:c:\Users\tiago\.vscode\extensions\vmware.vscode-spring-boot-1.49.0\language-server\BOOT-INF\classes\application.properties org.springframework.ide.vscode.boot.app.BootLanguageServerBootApp

Host: Intel(R) Xeon(R) Platinum 8272CL CPU @ 2.60GHz, 2 cores, 3G,  Windows 11 , 64 bit Build 22621 (10.0.22621.2428)
Time: Sat Oct 21 00:44:48 2023 Coordinated Universal Time elapsed time: 22.719622 seconds (0d 0h 0m 22s)

---------------  T H R E A D  ---------------

Current thread (0x000001f27b1e9b40):  VMThread "VM Thread" [stack: 0x000000e3d2a00000,0x000000e3d2b00000] [id=2132]

Stack: [0x000000e3d2a00000,0x000000e3d2b00000]
Native frames: (J=compiled Java code, j=interpreted, Vv=VM code, C=native code)
V  [jvm.dll+0x678b0a]
V  [jvm.dll+0x835e84]
V  [jvm.dll+0x83762e]
V  [jvm.dll+0x837c93]
V  [jvm.dll+0x24746f]
V  [jvm.dll+0x675859]
V  [jvm.dll+0x66a0ea]
V  [jvm.dll+0x306c7b]
V  [jvm.dll+0x30e166]
V  [jvm.dll+0x35dd3e]
V  [jvm.dll+0x35df6f]
V  [jvm.dll+0x2ddb48]
V  [jvm.dll+0x2dbd0c]
V  [jvm.dll+0x2db2dc]
V  [jvm.dll+0x31f18b]
V  [jvm.dll+0x83c15b]
V  [jvm.dll+0x83ce94]
V  [jvm.dll+0x83d3ac]
V  [jvm.dll+0x83d784]
V  [jvm.dll+0x83d850]
V  [jvm.dll+0x7e64ca]
V  [jvm.dll+0x677955]
C  [ucrtbase.dll+0x29363]
C  [KERNEL32.DLL+0x1257d]
C  [ntdll.dll+0x5aa78]

VM_Operation (0x000000e3d4afcd80): G1CollectForAllocation, mode: safepoint, requested by thread 0x000001f205ccd120


---------------  P R O C E S S  ---------------

Threads class SMR info:
_java_thread_list=0x000001f205be4270, length=31, elements={
0x000001f27b2027a0, 0x000001f27b203270, 0x000001f27b233a40, 0x000001f27b234510,
0x000001f27b236df0, 0x000001f27b2396d0, 0x000001f27b23c060, 0x000001f27b23c970,
0x000001f2042d8b20, 0x000001f2042db850, 0x000001f20424a090, 0x000001f205031610,
0x000001f2056ca450, 0x000001f2056cb1e0, 0x000001f2710fea60, 0x000001f2051e90b0,
0x000001f205455d90, 0x000001f205456270, 0x000001f204b8d080, 0x000001f204b8b730,
0x000001f204b8c150, 0x000001f204b8a2f0, 0x000001f204b8ad10, 0x000001f204b89de0,
0x000001f204b8b220, 0x000001f204b8a800, 0x000001f204b8bc40, 0x000001f204b8c660,
0x000001f204b8cb70, 0x000001f204b8d590, 0x000001f205ccd120
}

Java Threads: ( => current thread )
  0x000001f27b2027a0 JavaThread "Reference Handler" daemon [_thread_blocked, id=4540, stack(0x000000e3d2b00000,0x000000e3d2c00000)]
  0x000001f27b203270 JavaThread "Finalizer" daemon [_thread_blocked, id=9564, stack(0x000000e3d2c00000,0x000000e3d2d00000)]
  0x000001f27b233a40 JavaThread "Signal Dispatcher" daemon [_thread_blocked, id=3020, stack(0x000000e3d2d00000,0x000000e3d2e00000)]
  0x000001f27b234510 JavaThread "Attach Listener" daemon [_thread_blocked, id=9608, stack(0x000000e3d2e00000,0x000000e3d2f00000)]
  0x000001f27b236df0 JavaThread "Service Thread" daemon [_thread_blocked, id=9688, stack(0x000000e3d2f00000,0x000000e3d3000000)]
  0x000001f27b2396d0 JavaThread "Monitor Deflation Thread" daemon [_thread_blocked, id=8212, stack(0x000000e3d3000000,0x000000e3d3100000)]
  0x000001f27b23c060 JavaThread "C1 CompilerThread0" daemon [_thread_blocked, id=4544, stack(0x000000e3d3100000,0x000000e3d3200000)]
  0x000001f27b23c970 JavaThread "Sweeper thread" daemon [_thread_blocked, id=5760, stack(0x000000e3d3200000,0x000000e3d3300000)]
  0x000001f2042d8b20 JavaThread "Notification Thread" daemon [_thread_blocked, id=4952, stack(0x000000e3d3300000,0x000000e3d3400000)]
  0x000001f2042db850 JavaThread "Common-Cleaner" daemon [_thread_blocked, id=11096, stack(0x000000e3d3500000,0x000000e3d3600000)]
  0x000001f20424a090 JavaThread "C1 CompilerThread1" daemon [_thread_blocked, id=4560, stack(0x000000e3d3700000,0x000000e3d3800000)]
  0x000001f205031610 JavaThread "boundedElastic-evictor-1" daemon [_thread_blocked, id=6228, stack(0x000000e3d3800000,0x000000e3d3900000)]
  0x000001f2056ca450 JavaThread "pool-11-thread-1" [_thread_blocked, id=8364, stack(0x000000e3d3900000,0x000000e3d3a00000)]
  0x000001f2056cb1e0 JavaThread "LanguageServerApp-lifecycle" [_thread_blocked, id=10480, stack(0x000000e3d3a00000,0x000000e3d3b00000)]
  0x000001f2710fea60 JavaThread "DestroyJavaVM" [_thread_blocked, id=9764, stack(0x000000e3d2400000,0x000000e3d2500000)]
  0x000001f2051e90b0 JavaThread "pool-12-thread-1" [_thread_in_native, id=2388, stack(0x000000e3d3b00000,0x000000e3d3c00000)]
  0x000001f205455d90 JavaThread "Simple-Language-Server main thread" daemon [_thread_blocked, id=5020, stack(0x000000e3d3c00000,0x000000e3d3d00000)]
  0x000001f205456270 JavaThread "pool-3-thread-1" [_thread_blocked, id=10036, stack(0x000000e3d3d00000,0x000000e3d3e00000)]
  0x000001f204b8d080 JavaThread "pool-3-thread-2" [_thread_blocked, id=11168, stack(0x000000e3d3e00000,0x000000e3d3f00000)]
  0x000001f204b8b730 JavaThread "pool-3-thread-3" [_thread_blocked, id=5744, stack(0x000000e3d3f00000,0x000000e3d4000000)]
  0x000001f204b8c150 JavaThread "pool-7-thread-1" [_thread_blocked, id=2128, stack(0x000000e3d4000000,0x000000e3d4100000)]
  0x000001f204b8a2f0 JavaThread "parallel-1" daemon [_thread_blocked, id=1764, stack(0x000000e3d4100000,0x000000e3d4200000)]
  0x000001f204b8ad10 JavaThread "pool-4-thread-1" [_thread_blocked, id=1068, stack(0x000000e3d4200000,0x000000e3d4300000)]
  0x000001f204b89de0 JavaThread "pool-3-thread-4" [_thread_blocked, id=2512, stack(0x000000e3d4400000,0x000000e3d4500000)]
  0x000001f204b8b220 JavaThread "pool-4-thread-2" [_thread_blocked, id=4468, stack(0x000000e3d4500000,0x000000e3d4600000)]
  0x000001f204b8a800 JavaThread "parallel-2" daemon [_thread_blocked, id=11220, stack(0x000000e3d4300000,0x000000e3d4400000)]
  0x000001f204b8bc40 JavaThread "Reconciler-1" daemon [_thread_blocked, id=8268, stack(0x000000e3d4600000,0x000000e3d4700000)]
  0x000001f204b8c660 JavaThread "pool-5-thread-1" [_thread_blocked, id=7952, stack(0x000000e3d4700000,0x000000e3d4800000)]
  0x000001f204b8cb70 JavaThread "Project-Reconciler-1" daemon [_thread_blocked, id=10996, stack(0x000000e3d4800000,0x000000e3d4900000)]
  0x000001f204b8d590 JavaThread "Thread-3" daemon [_thread_blocked, id=1560, stack(0x000000e3d4900000,0x000000e3d4a00000)]
  0x000001f205ccd120 JavaThread "Thread-4" daemon [_thread_blocked, id=7576, stack(0x000000e3d4a00000,0x000000e3d4b00000)]

Other Threads:
=>0x000001f27b1e9b40 VMThread "VM Thread" [stack: 0x000000e3d2a00000,0x000000e3d2b00000] [id=2132]
  0x000001f2042db410 WatcherThread [stack: 0x000000e3d3400000,0x000000e3d3500000] [id=4960]
  0x000001f27113c9e0 GCTaskThread "GC Thread#0" [stack: 0x000000e3d2500000,0x000000e3d2600000] [id=6220]
  0x000001f2045046f0 GCTaskThread "GC Thread#1" [stack: 0x000000e3d3600000,0x000000e3d3700000] [id=5788]
  0x000001f271145840 ConcurrentGCThread "G1 Main Marker" [stack: 0x000000e3d2600000,0x000000e3d2700000] [id=8592]
  0x000001f271146160 ConcurrentGCThread "G1 Conc#0" [stack: 0x000000e3d2700000,0x000000e3d2800000] [id=1084]
  0x000001f271189850 ConcurrentGCThread "G1 Refine#0" [stack: 0x000000e3d2800000,0x000000e3d2900000] [id=9568]
  0x000001f27118b1a0 ConcurrentGCThread "G1 Service" [stack: 0x000000e3d2900000,0x000000e3d2a00000] [id=9992]

Threads with active compile tasks:
C1 CompilerThread0    22760 4344       1       sun.nio.fs.WindowsPath::getParent (74 bytes)
C1 CompilerThread1    22760 4345       1       org.eclipse.jdt.internal.compiler.util.SimpleSetOfCharArray::<init> (36 bytes)

VM state: at safepoint (normal execution)

VM Mutex/Monitor currently owned by a thread:  ([mutex/lock_event])
[0x000001f26eede4b0] Threads_lock - owner thread: 0x000001f27b1e9b40
[0x000001f2710fc6c0] Heap_lock - owner thread: 0x000001f205ccd120

Heap address: 0x00000000c0000000, size: 1024 MB, Compressed Oops mode: 32-bit

CDS archive(s) not mapped
Compressed class space mapped at: 0x0000000100000000-0x0000000140000000, reserved size: 1073741824
Narrow klass base: 0x0000000000000000, Narrow klass shift: 3, Narrow klass range: 0x140000000

GC Precious Log:
 CPUs: 2 total, 2 available
 Memory: 4094M
 Large Page Support: Disabled
 NUMA Support: Disabled
 Compressed Oops: Enabled (32-bit)
 Heap Region Size: 1M
 Heap Min Capacity: 8M
 Heap Initial Capacity: 64M
 Heap Max Capacity: 1G
 Pre-touch: Disabled
 Parallel Workers: 2
 Concurrent Workers: 1
 Concurrent Refinement Workers: 2
 Periodic GC: Disabled

Heap:
 garbage-first heap   total 80896K, used 35358K [0x00000000c0000000, 0x0000000100000000)
  region size 1024K, 1 young (1024K), 1 survivors (1024K)
 Metaspace       used 49126K, committed 49600K, reserved 1114112K
  class space    used 6249K, committed 6464K, reserved 1048576K

Heap Regions: E=young(eden), S=young(survivor), O=old, HS=humongous(starts), HC=humongous(continues), CS=collection set, F=free, OA=open archive, CA=closed archive, TAMS=top-at-mark-start (previous, next)
|   0|0x00000000c0000000, 0x00000000c0100000, 0x00000000c0100000|100%| O|  |TAMS 0x00000000c0100000, 0x00000000c0000000| Untracked 
|   1|0x00000000c0100000, 0x00000000c0200000, 0x00000000c0200000|100%| O|  |TAMS 0x00000000c0200000, 0x00000000c0100000| Untracked 
|   2|0x00000000c0200000, 0x00000000c0300000, 0x00000000c0300000|100%| O|  |TAMS 0x00000000c0300000, 0x00000000c0200000| Untracked 
|   3|0x00000000c0300000, 0x00000000c0400000, 0x00000000c0400000|100%| O|  |TAMS 0x00000000c0400000, 0x00000000c0300000| Untracked 
|   4|0x00000000c0400000, 0x00000000c0500000, 0x00000000c0500000|100%| O|  |TAMS 0x00000000c0500000, 0x00000000c0400000| Untracked 
|   5|0x00000000c0500000, 0x00000000c0600000, 0x00000000c0600000|100%| O|  |TAMS 0x00000000c0600000, 0x00000000c0500000| Untracked 
|   6|0x00000000c0600000, 0x00000000c0700000, 0x00000000c0700000|100%| O|  |TAMS 0x00000000c0700000, 0x00000000c0600000| Untracked 
|   7|0x00000000c0700000, 0x00000000c0800000, 0x00000000c0800000|100%| O|  |TAMS 0x00000000c0800000, 0x00000000c0700000| Untracked 
|   8|0x00000000c0800000, 0x00000000c0900000, 0x00000000c0900000|100%| O|  |TAMS 0x00000000c0900000, 0x00000000c0800000| Untracked 
|   9|0x00000000c0900000, 0x00000000c0a00000, 0x00000000c0a00000|100%| O|  |TAMS 0x00000000c0a00000, 0x00000000c0900000| Untracked 
|  10|0x00000000c0a00000, 0x00000000c0b00000, 0x00000000c0b00000|100%| O|  |TAMS 0x00000000c0b00000, 0x00000000c0a00000| Untracked 
|  11|0x00000000c0b00000, 0x00000000c0c00000, 0x00000000c0c00000|100%| O|  |TAMS 0x00000000c0c00000, 0x00000000c0b00000| Untracked 
|  12|0x00000000c0c00000, 0x00000000c0c00000, 0x00000000c0d00000|  0%| F|  |TAMS 0x00000000c0c00000, 0x00000000c0c00000| Untracked 
|  13|0x00000000c0d00000, 0x00000000c0e00000, 0x00000000c0e00000|100%| O|  |TAMS 0x00000000c0e00000, 0x00000000c0d00000| Untracked 
|  14|0x00000000c0e00000, 0x00000000c0f00000, 0x00000000c0f00000|100%| O|  |TAMS 0x00000000c0f00000, 0x00000000c0e00000| Untracked 
|  15|0x00000000c0f00000, 0x00000000c1000000, 0x00000000c1000000|100%| O|  |TAMS 0x00000000c1000000, 0x00000000c0f00000| Untracked 
|  16|0x00000000c1000000, 0x00000000c1100000, 0x00000000c1100000|100%| O|  |TAMS 0x00000000c1100000, 0x00000000c1000000| Untracked 
|  17|0x00000000c1100000, 0x00000000c1200000, 0x00000000c1200000|100%| O|  |TAMS 0x00000000c1200000, 0x00000000c1100000| Untracked 
|  18|0x00000000c1200000, 0x00000000c1300000, 0x00000000c1300000|100%| O|  |TAMS 0x00000000c1300000, 0x00000000c1200000| Untracked 
|  19|0x00000000c1300000, 0x00000000c1400000, 0x00000000c1400000|100%| O|  |TAMS 0x00000000c1400000, 0x00000000c1300000| Untracked 
|  20|0x00000000c1400000, 0x00000000c1500000, 0x00000000c1500000|100%| O|  |TAMS 0x00000000c1500000, 0x00000000c1400000| Untracked 
|  21|0x00000000c1500000, 0x00000000c1600000, 0x00000000c1600000|100%| O|  |TAMS 0x00000000c1600000, 0x00000000c1500000| Untracked 
|  22|0x00000000c1600000, 0x00000000c1700000, 0x00000000c1700000|100%| O|  |TAMS 0x00000000c1700000, 0x00000000c1600000| Untracked 
|  23|0x00000000c1700000, 0x00000000c1800000, 0x00000000c1800000|100%| O|  |TAMS 0x00000000c1800000, 0x00000000c1700000| Untracked 
|  24|0x00000000c1800000, 0x00000000c1900000, 0x00000000c1900000|100%| O|  |TAMS 0x00000000c1900000, 0x00000000c1800000| Untracked 
|  25|0x00000000c1900000, 0x00000000c1a00000, 0x00000000c1a00000|100%|HS|  |TAMS 0x00000000c1a00000, 0x00000000c1900000| Complete 
|  26|0x00000000c1a00000, 0x00000000c1b00000, 0x00000000c1b00000|100%| O|  |TAMS 0x00000000c1b00000, 0x00000000c1a00000| Untracked 
|  27|0x00000000c1b00000, 0x00000000c1c00000, 0x00000000c1c00000|100%| O|  |TAMS 0x00000000c1c00000, 0x00000000c1b00000| Untracked 
|  28|0x00000000c1c00000, 0x00000000c1d00000, 0x00000000c1d00000|100%| O|  |TAMS 0x00000000c1d00000, 0x00000000c1c00000| Untracked 
|  29|0x00000000c1d00000, 0x00000000c1e00000, 0x00000000c1e00000|100%| O|  |TAMS 0x00000000c1e00000, 0x00000000c1d00000| Untracked 
|  30|0x00000000c1e00000, 0x00000000c1f00000, 0x00000000c1f00000|100%| O|  |TAMS 0x00000000c1f00000, 0x00000000c1e00000| Untracked 
|  31|0x00000000c1f00000, 0x00000000c2000000, 0x00000000c2000000|100%| O|  |TAMS 0x00000000c2000000, 0x00000000c1f00000| Untracked 
|  32|0x00000000c2000000, 0x00000000c2100000, 0x00000000c2100000|100%| O|  |TAMS 0x00000000c20d9800, 0x00000000c2000000| Untracked 
|  33|0x00000000c2100000, 0x00000000c2200000, 0x00000000c2200000|100%| O|  |TAMS 0x00000000c2100000, 0x00000000c2100000| Untracked 
|  34|0x00000000c2200000, 0x00000000c2300000, 0x00000000c2300000|100%| O|  |TAMS 0x00000000c2200000, 0x00000000c2200000| Untracked 
|  35|0x00000000c2300000, 0x00000000c2309800, 0x00000000c2400000|  3%| O|  |TAMS 0x00000000c2300000, 0x00000000c2300000| Untracked 
|  36|0x00000000c2400000, 0x00000000c2400000, 0x00000000c2500000|  0%| F|  |TAMS 0x00000000c2400000, 0x00000000c2400000| Untracked 
|  37|0x00000000c2500000, 0x00000000c2500000, 0x00000000c2600000|  0%| F|  |TAMS 0x00000000c2500000, 0x00000000c2500000| Untracked 
|  38|0x00000000c2600000, 0x00000000c2600000, 0x00000000c2700000|  0%| F|  |TAMS 0x00000000c2600000, 0x00000000c2600000| Untracked 
|  39|0x00000000c2700000, 0x00000000c2700000, 0x00000000c2800000|  0%| F|  |TAMS 0x00000000c2700000, 0x00000000c2700000| Untracked 
|  40|0x00000000c2800000, 0x00000000c2800000, 0x00000000c2900000|  0%| F|  |TAMS 0x00000000c2800000, 0x00000000c2800000| Untracked 
|  41|0x00000000c2900000, 0x00000000c2900000, 0x00000000c2a00000|  0%| F|  |TAMS 0x00000000c2900000, 0x00000000c2900000| Untracked 
|  42|0x00000000c2a00000, 0x00000000c2a00000, 0x00000000c2b00000|  0%| F|  |TAMS 0x00000000c2a00000, 0x00000000c2a00000| Untracked 
|  43|0x00000000c2b00000, 0x00000000c2b00000, 0x00000000c2c00000|  0%| F|  |TAMS 0x00000000c2b00000, 0x00000000c2b00000| Untracked 
|  44|0x00000000c2c00000, 0x00000000c2c00000, 0x00000000c2d00000|  0%| F|  |TAMS 0x00000000c2c00000, 0x00000000c2c00000| Untracked 
|  45|0x00000000c2d00000, 0x00000000c2d00000, 0x00000000c2e00000|  0%| F|  |TAMS 0x00000000c2d00000, 0x00000000c2d00000| Untracked 
|  46|0x00000000c2e00000, 0x00000000c2e00000, 0x00000000c2f00000|  0%| F|  |TAMS 0x00000000c2e00000, 0x00000000c2e00000| Untracked 
|  47|0x00000000c2f00000, 0x00000000c2f00000, 0x00000000c3000000|  0%| F|  |TAMS 0x00000000c2f00000, 0x00000000c2f00000| Untracked 
|  48|0x00000000c3000000, 0x00000000c3000000, 0x00000000c3100000|  0%| F|  |TAMS 0x00000000c3000000, 0x00000000c3000000| Untracked 
|  49|0x00000000c3100000, 0x00000000c3100000, 0x00000000c3200000|  0%| F|  |TAMS 0x00000000c3100000, 0x00000000c3100000| Untracked 
|  50|0x00000000c3200000, 0x00000000c3200000, 0x00000000c3300000|  0%| F|  |TAMS 0x00000000c3200000, 0x00000000c3200000| Untracked 
|  51|0x00000000c3300000, 0x00000000c3300000, 0x00000000c3400000|  0%| F|  |TAMS 0x00000000c3300000, 0x00000000c3300000| Untracked 
|  52|0x00000000c3400000, 0x00000000c3400000, 0x00000000c3500000|  0%| F|  |TAMS 0x00000000c3400000, 0x00000000c3400000| Untracked 
|  53|0x00000000c3500000, 0x00000000c3500000, 0x00000000c3600000|  0%| F|  |TAMS 0x00000000c3500000, 0x00000000c3500000| Untracked 
|  54|0x00000000c3600000, 0x00000000c3600000, 0x00000000c3700000|  0%| F|  |TAMS 0x00000000c3600000, 0x00000000c3600000| Untracked 
|  55|0x00000000c3700000, 0x00000000c3700000, 0x00000000c3800000|  0%| F|  |TAMS 0x00000000c3700000, 0x00000000c3700000| Untracked 
|  56|0x00000000c3800000, 0x00000000c3800000, 0x00000000c3900000|  0%| F|  |TAMS 0x00000000c3800000, 0x00000000c3800000| Untracked 
|  57|0x00000000c3900000, 0x00000000c3900000, 0x00000000c3a00000|  0%| F|  |TAMS 0x00000000c3900000, 0x00000000c3900000| Untracked 
|  58|0x00000000c3a00000, 0x00000000c3a00000, 0x00000000c3b00000|  0%| F|  |TAMS 0x00000000c3a00000, 0x00000000c3a00000| Untracked 
|  59|0x00000000c3b00000, 0x00000000c3b00000, 0x00000000c3c00000|  0%| F|  |TAMS 0x00000000c3b00000, 0x00000000c3b00000| Untracked 
|  60|0x00000000c3c00000, 0x00000000c3c00000, 0x00000000c3d00000|  0%| F|  |TAMS 0x00000000c3c00000, 0x00000000c3c00000| Untracked 
|  61|0x00000000c3d00000, 0x00000000c3d00000, 0x00000000c3e00000|  0%| F|  |TAMS 0x00000000c3d00000, 0x00000000c3d00000| Untracked 
|  62|0x00000000c3e00000, 0x00000000c3e00000, 0x00000000c3f00000|  0%| F|  |TAMS 0x00000000c3e00000, 0x00000000c3e00000| Untracked 
|  63|0x00000000c3f00000, 0x00000000c3f00000, 0x00000000c4000000|  0%| F|  |TAMS 0x00000000c3f00000, 0x00000000c3f00000| Untracked 
|  64|0x00000000c4000000, 0x00000000c4000000, 0x00000000c4100000|  0%| F|  |TAMS 0x00000000c4000000, 0x00000000c4000000| Untracked 
|  65|0x00000000c4100000, 0x00000000c4100000, 0x00000000c4200000|  0%| F|  |TAMS 0x00000000c4100000, 0x00000000c4100000| Untracked 
|  66|0x00000000c4200000, 0x00000000c4200000, 0x00000000c4300000|  0%| F|  |TAMS 0x00000000c4200000, 0x00000000c4200000| Untracked 
|  67|0x00000000c4300000, 0x00000000c4300000, 0x00000000c4400000|  0%| F|  |TAMS 0x00000000c4300000, 0x00000000c4300000| Untracked 
|  68|0x00000000c4400000, 0x00000000c4400000, 0x00000000c4500000|  0%| F|  |TAMS 0x00000000c4400000, 0x00000000c4400000| Untracked 
|  69|0x00000000c4500000, 0x00000000c4500000, 0x00000000c4600000|  0%| F|  |TAMS 0x00000000c4500000, 0x00000000c4500000| Untracked 
|  70|0x00000000c4600000, 0x00000000c4600000, 0x00000000c4700000|  0%| F|  |TAMS 0x00000000c4600000, 0x00000000c4600000| Untracked 
|  71|0x00000000c4700000, 0x00000000c4700000, 0x00000000c4800000|  0%| F|  |TAMS 0x00000000c4700000, 0x00000000c4700000| Untracked 
|  72|0x00000000c4800000, 0x00000000c4800000, 0x00000000c4900000|  0%| F|  |TAMS 0x00000000c4800000, 0x00000000c4800000| Untracked 
|  73|0x00000000c4900000, 0x00000000c4900000, 0x00000000c4a00000|  0%| F|  |TAMS 0x00000000c4900000, 0x00000000c4900000| Untracked 
|  74|0x00000000c4a00000, 0x00000000c4a00000, 0x00000000c4b00000|  0%| F|  |TAMS 0x00000000c4a00000, 0x00000000c4a00000| Untracked 
|  75|0x00000000c4b00000, 0x00000000c4b7e3b0, 0x00000000c4c00000| 49%| S|CS|TAMS 0x00000000c4b00000, 0x00000000c4b00000| Complete 
|  76|0x00000000c4c00000, 0x00000000c4c00000, 0x00000000c4d00000|  0%| F|  |TAMS 0x00000000c4c00000, 0x00000000c4c00000| Untracked 
|  77|0x00000000c4d00000, 0x00000000c4d00000, 0x00000000c4e00000|  0%| F|  |TAMS 0x00000000c4d00000, 0x00000000c4d00000| Untracked 
|  78|0x00000000c4e00000, 0x00000000c4e00000, 0x00000000c4f00000|  0%| F|  |TAMS 0x00000000c4e00000, 0x00000000c4e00000| Untracked 

Card table byte_map: [0x000001f270d50000,0x000001f270f50000] _byte_map_base: 0x000001f270750000

Marking Bits (Prev, Next): (CMBitMap*) 0x000001f27113cf50, (CMBitMap*) 0x000001f27113cf10
 Prev Bits: [0x000001f277f70000, 0x000001f278f70000)
 Next Bits: [0x000001f276f70000, 0x000001f277f70000)

Polling page: 0x000001f2708b0000

Metaspace:

Usage:
  Non-class:     41.87 MB used.
      Class:      6.10 MB used.
       Both:     47.98 MB used.

Virtual space:
  Non-class space:       64.00 MB reserved,      42.12 MB ( 66%) committed,  1 nodes.
      Class space:        1.00 GB reserved,       6.31 MB ( <1%) committed,  1 nodes.
             Both:        1.06 GB reserved,      48.44 MB (  4%) committed. 

Chunk freelists:
   Non-Class:  5.25 MB
       Class:  9.53 MB
        Both:  14.78 MB

MaxMetaspaceSize: unlimited
CompressedClassSpaceSize: 1.00 GB
Initial GC threshold: 21.00 MB
Current GC threshold: 80.62 MB
CDS: off
MetaspaceReclaimPolicy: balanced
 - commit_granule_bytes: 65536.
 - commit_granule_words: 8192.
 - virtual_space_node_default_size: 8388608.
 - enlarge_chunks_in_place: 1.
 - new_chunks_are_fully_committed: 0.
 - uncommit_free_chunks: 1.
 - use_allocation_guard: 0.
 - handle_deallocations: 1.


Internal statistics:

num_allocs_failed_limit: 6.
num_arena_births: 542.
num_arena_deaths: 0.
num_vsnodes_births: 2.
num_vsnodes_deaths: 0.
num_space_committed: 775.
num_space_uncommitted: 0.
num_chunks_returned_to_freelist: 6.
num_chunks_taken_from_freelist: 2012.
num_chunk_merges: 3.
num_chunk_splits: 1410.
num_chunks_enlarged: 1083.
num_inconsistent_stats: 0.

CodeCache: size=49152Kb used=8565Kb max_used=8565Kb free=40586Kb
 bounds [0x000001f273d70000, 0x000001f2745d0000, 0x000001f276d70000]
 total_blobs=4950 nmethods=4342 adapters=534
 compilation: enabled
              stopped_count=0, restarted_count=0
 full_count=0

Compilation events (20 events):
Event: 22.703 Thread 0x000001f27b23c060 4335       1       java.util.LinkedHashSet::<init> (10 bytes)
Event: 22.703 Thread 0x000001f27b23c060 nmethod 4335 0x000001f2745ca810 code [0x000001f2745ca9e0, 0x000001f2745caba8]
Event: 22.704 Thread 0x000001f27b23c060 4336       1       org.eclipse.jdt.internal.compiler.lookup.ModuleBinding::recordExportRestrictions (98 bytes)
Event: 22.704 Thread 0x000001f27b23c060 nmethod 4336 0x000001f2745cac90 code [0x000001f2745cae60, 0x000001f2745cb1d8]
Event: 22.704 Thread 0x000001f20424a090 4337       1       org.eclipse.jdt.internal.compiler.util.CharArray::equals (33 bytes)
Event: 22.704 Thread 0x000001f20424a090 nmethod 4337 0x000001f2745cb390 code [0x000001f2745cb540, 0x000001f2745cb708]
Event: 22.705 Thread 0x000001f27b23c060 4338       1       org.eclipse.jdt.internal.compiler.util.CharArrayHashMap::put (17 bytes)
Event: 22.705 Thread 0x000001f27b23c060 nmethod 4338 0x000001f2745cb810 code [0x000001f2745cb9c0, 0x000001f2745cbb48]
Event: 22.705 Thread 0x000001f20424a090 4339       1       org.eclipse.jdt.internal.compiler.util.CharArrayMap::get (38 bytes)
Event: 22.705 Thread 0x000001f20424a090 nmethod 4339 0x000001f2745cbc10 code [0x000001f2745cbdc0, 0x000001f2745cbf88]
Event: 22.705 Thread 0x000001f20424a090 4340       1       jdk.internal.jimage.ImageLocation::buildName (128 bytes)
Event: 22.705 Thread 0x000001f20424a090 nmethod 4340 0x000001f2745cc110 code [0x000001f2745cc380, 0x000001f2745cc8f8]
Event: 22.705 Thread 0x000001f20424a090 4341       1       jdk.internal.jimage.ImageLocation::getParent (6 bytes)
Event: 22.705 Thread 0x000001f20424a090 nmethod 4341 0x000001f2745ccc90 code [0x000001f2745cce20, 0x000001f2745ccf08]
Event: 22.711 Thread 0x000001f27b23c060 4342       1       java.util.Arrays::copyOfRange (11 bytes)
Event: 22.711 Thread 0x000001f27b23c060 nmethod 4342 0x000001f2745ccf90 code [0x000001f2745cd120, 0x000001f2745cd1e8]
Event: 22.711 Thread 0x000001f20424a090 4343       1       sun.nio.fs.WindowsPath::getParent (5 bytes)
Event: 22.711 Thread 0x000001f20424a090 nmethod 4343 0x000001f2745cd290 code [0x000001f2745cd420, 0x000001f2745cd508]
Event: 22.711 Thread 0x000001f27b23c060 4344       1       sun.nio.fs.WindowsPath::getParent (74 bytes)
Event: 22.712 Thread 0x000001f20424a090 4345       1       org.eclipse.jdt.internal.compiler.util.SimpleSetOfCharArray::<init> (36 bytes)

GC Heap History (20 events):
Event: 18.073 GC heap after
{Heap after GC invocations=10 (full 0):
 garbage-first heap   total 55296K, used 20546K [0x00000000c0000000, 0x0000000100000000)
  region size 1024K, 3 young (3072K), 3 survivors (3072K)
 Metaspace       used 33476K, committed 33792K, reserved 1114112K
  class space    used 4281K, committed 4416K, reserved 1048576K
}
Event: 19.852 GC heap before
{Heap before GC invocations=10 (full 0):
 garbage-first heap   total 55296K, used 29762K [0x00000000c0000000, 0x0000000100000000)
  region size 1024K, 13 young (13312K), 3 survivors (3072K)
 Metaspace       used 35650K, committed 35968K, reserved 1114112K
  class space    used 4608K, committed 4736K, reserved 1048576K
}
Event: 19.859 GC heap after
{Heap after GC invocations=11 (full 0):
 garbage-first heap   total 55296K, used 21717K [0x00000000c0000000, 0x0000000100000000)
  region size 1024K, 1 young (1024K), 1 survivors (1024K)
 Metaspace       used 35650K, committed 35968K, reserved 1114112K
  class space    used 4608K, committed 4736K, reserved 1048576K
}
Event: 21.346 GC heap before
{Heap before GC invocations=12 (full 0):
 garbage-first heap   total 55296K, used 40149K [0x00000000c0000000, 0x0000000100000000)
  region size 1024K, 20 young (20480K), 1 survivors (1024K)
 Metaspace       used 38807K, committed 39168K, reserved 1114112K
  class space    used 5156K, committed 5312K, reserved 1048576K
}
Event: 21.352 GC heap after
{Heap after GC invocations=13 (full 0):
 garbage-first heap   total 55296K, used 23113K [0x00000000c0000000, 0x0000000100000000)
  region size 1024K, 3 young (3072K), 3 survivors (3072K)
 Metaspace       used 38807K, committed 39168K, reserved 1114112K
  class space    used 5156K, committed 5312K, reserved 1048576K
}
Event: 21.898 GC heap before
{Heap before GC invocations=13 (full 0):
 garbage-first heap   total 55296K, used 40521K [0x00000000c0000000, 0x0000000100000000)
  region size 1024K, 21 young (21504K), 3 survivors (3072K)
 Metaspace       used 41881K, committed 42304K, reserved 1114112K
  class space    used 5411K, committed 5632K, reserved 1048576K
}
Event: 21.906 GC heap after
{Heap after GC invocations=14 (full 0):
 garbage-first heap   total 55296K, used 24715K [0x00000000c0000000, 0x0000000100000000)
  region size 1024K, 2 young (2048K), 2 survivors (2048K)
 Metaspace       used 41881K, committed 42304K, reserved 1114112K
  class space    used 5411K, committed 5632K, reserved 1048576K
}
Event: 22.064 GC heap before
{Heap before GC invocations=14 (full 0):
 garbage-first heap   total 55296K, used 30859K [0x00000000c0000000, 0x0000000100000000)
  region size 1024K, 9 young (9216K), 2 survivors (2048K)
 Metaspace       used 42104K, committed 42560K, reserved 1114112K
  class space    used 5460K, committed 5696K, reserved 1048576K
}
Event: 22.069 GC heap after
{Heap after GC invocations=15 (full 0):
 garbage-first heap   total 55296K, used 25707K [0x00000000c0000000, 0x0000000100000000)
  region size 1024K, 1 young (1024K), 1 survivors (1024K)
 Metaspace       used 42104K, committed 42560K, reserved 1114112K
  class space    used 5460K, committed 5696K, reserved 1048576K
}
Event: 22.313 GC heap before
{Heap before GC invocations=16 (full 0):
 garbage-first heap   total 55296K, used 42091K [0x00000000c0000000, 0x0000000100000000)
  region size 1024K, 17 young (17408K), 1 survivors (1024K)
 Metaspace       used 44772K, committed 45248K, reserved 1114112K
  class space    used 5693K, committed 5888K, reserved 1048576K
}
Event: 22.318 GC heap after
{Heap after GC invocations=17 (full 0):
 garbage-first heap   total 55296K, used 31124K [0x00000000c0000000, 0x0000000100000000)
  region size 1024K, 3 young (3072K), 3 survivors (3072K)
 Metaspace       used 44772K, committed 45248K, reserved 1114112K
  class space    used 5693K, committed 5888K, reserved 1048576K
}
Event: 22.420 GC heap before
{Heap before GC invocations=17 (full 0):
 garbage-first heap   total 55296K, used 40340K [0x00000000c0000000, 0x0000000100000000)
  region size 1024K, 13 young (13312K), 3 survivors (3072K)
 Metaspace       used 46495K, committed 46976K, reserved 1114112K
  class space    used 5885K, committed 6080K, reserved 1048576K
}
Event: 22.425 GC heap after
{Heap after GC invocations=18 (full 0):
 garbage-first heap   total 55296K, used 32881K [0x00000000c0000000, 0x0000000100000000)
  region size 1024K, 2 young (2048K), 2 survivors (2048K)
 Metaspace       used 46495K, committed 46976K, reserved 1114112K
  class space    used 5885K, committed 6080K, reserved 1048576K
}
Event: 22.612 GC heap before
{Heap before GC invocations=19 (full 0):
 garbage-first heap   total 60416K, used 41073K [0x00000000c0000000, 0x0000000100000000)
  region size 1024K, 11 young (11264K), 2 survivors (2048K)
 Metaspace       used 48867K, committed 49408K, reserved 1114112K
  class space    used 6211K, committed 6464K, reserved 1048576K
}
Event: 22.616 GC heap after
{Heap after GC invocations=20 (full 0):
 garbage-first heap   total 60416K, used 33732K [0x00000000c0000000, 0x0000000100000000)
  region size 1024K, 1 young (1024K), 1 survivors (1024K)
 Metaspace       used 48867K, committed 49408K, reserved 1114112K
  class space    used 6211K, committed 6464K, reserved 1048576K
}
Event: 22.639 GC heap before
{Heap before GC invocations=20 (full 0):
 garbage-first heap   total 60416K, used 47044K [0x00000000c0000000, 0x0000000100000000)
  region size 1024K, 14 young (14336K), 1 survivors (1024K)
 Metaspace       used 48874K, committed 49408K, reserved 1114112K
  class space    used 6213K, committed 6464K, reserved 1048576K
}
Event: 22.643 GC heap after
{Heap after GC invocations=21 (full 0):
 garbage-first heap   total 60416K, used 33994K [0x00000000c0000000, 0x0000000100000000)
  region size 1024K, 2 young (2048K), 2 survivors (2048K)
 Metaspace       used 48874K, committed 49408K, reserved 1114112K
  class space    used 6213K, committed 6464K, reserved 1048576K
}
Event: 22.706 GC heap before
{Heap before GC invocations=22 (full 0):
 garbage-first heap   total 80896K, used 47306K [0x00000000c0000000, 0x0000000100000000)
  region size 1024K, 15 young (15360K), 2 survivors (2048K)
 Metaspace       used 49124K, committed 49600K, reserved 1114112K
  class space    used 6248K, committed 6464K, reserved 1048576K
}
Event: 22.710 GC heap after
{Heap after GC invocations=23 (full 0):
 garbage-first heap   total 80896K, used 34906K [0x00000000c0000000, 0x0000000100000000)
  region size 1024K, 2 young (2048K), 2 survivors (2048K)
 Metaspace       used 49124K, committed 49600K, reserved 1114112K
  class space    used 6248K, committed 6464K, reserved 1048576K
}
Event: 22.712 GC heap before
{Heap before GC invocations=23 (full 0):
 garbage-first heap   total 80896K, used 34906K [0x00000000c0000000, 0x0000000100000000)
  region size 1024K, 3 young (3072K), 2 survivors (2048K)
 Metaspace       used 49126K, committed 49600K, reserved 1114112K
  class space    used 6249K, committed 6464K, reserved 1048576K
}

Dll operation events (9 events):
Event: 0.014 Loaded shared library c:\Users\tiago\.vscode\extensions\redhat.java-1.23.0-win32-x64\jre\17.0.8.1-win32-x86_64\bin\java.dll
Event: 0.449 Loaded shared library C:\Users\tiago\.vscode\extensions\redhat.java-1.23.0-win32-x64\jre\17.0.8.1-win32-x86_64\bin\net.dll
Event: 0.451 Loaded shared library C:\Users\tiago\.vscode\extensions\redhat.java-1.23.0-win32-x64\jre\17.0.8.1-win32-x86_64\bin\nio.dll
Event: 0.850 Loaded shared library C:\Users\tiago\.vscode\extensions\redhat.java-1.23.0-win32-x64\jre\17.0.8.1-win32-x86_64\bin\zip.dll
Event: 8.105 Loaded shared library C:\Users\tiago\.vscode\extensions\redhat.java-1.23.0-win32-x64\jre\17.0.8.1-win32-x86_64\bin\jimage.dll
Event: 17.452 Loaded shared library c:\Users\tiago\.vscode\extensions\redhat.java-1.23.0-win32-x64\jre\17.0.8.1-win32-x86_64\bin\verify.dll
Event: 19.851 Loaded shared library C:\Users\tiago\.vscode\extensions\redhat.java-1.23.0-win32-x64\jre\17.0.8.1-win32-x86_64\bin\management.dll
Event: 19.901 Loaded shared library C:\Users\tiago\.vscode\extensions\redhat.java-1.23.0-win32-x64\jre\17.0.8.1-win32-x86_64\bin\management_ext.dll
Event: 22.537 Loaded shared library C:\Users\tiago\.vscode\extensions\redhat.java-1.23.0-win32-x64\jre\17.0.8.1-win32-x86_64\bin\sunmscapi.dll

Deoptimization events (10 events):
Event: 12.838 Thread 0x000001f2710fea60 DEOPT PACKING pc=0x000001f27425ad19 sp=0x000000e3d24fd8a0
Event: 12.838 Thread 0x000001f2710fea60 DEOPT UNPACKING pc=0x000001f273dcace3 sp=0x000000e3d24fcd80 mode 3
Event: 20.757 Thread 0x000001f205455d90 DEOPT PACKING pc=0x000001f2744652b5 sp=0x000000e3d3cfdce0
Event: 20.757 Thread 0x000001f205455d90 DEOPT UNPACKING pc=0x000001f273dcace3 sp=0x000000e3d3cfd208 mode 3
Event: 21.217 Thread 0x000001f205455d90 DEOPT PACKING pc=0x000001f274215c01 sp=0x000000e3d3cfdf50
Event: 21.217 Thread 0x000001f205455d90 DEOPT UNPACKING pc=0x000001f273dcace3 sp=0x000000e3d3cfd3e0 mode 3
Event: 21.217 Thread 0x000001f204b8a2f0 DEOPT PACKING pc=0x000001f2741ce917 sp=0x000000e3d41fedc0
Event: 21.217 Thread 0x000001f204b8a2f0 DEOPT UNPACKING pc=0x000001f273dcace3 sp=0x000000e3d41fe218 mode 3
Event: 22.259 Thread 0x000001f205ccd120 DEOPT PACKING pc=0x000001f273ed598c sp=0x000000e3d4afeee0
Event: 22.259 Thread 0x000001f205ccd120 DEOPT UNPACKING pc=0x000001f273dcace3 sp=0x000000e3d4afe3a8 mode 0

Classes unloaded (0 events):
No events

Classes redefined (0 events):
No events

Internal exceptions (20 events):
Event: 18.169 Thread 0x000001f2710fea60 Exception <a 'java/lang/NoSuchMethodError'{0x00000000c3f72538}: 'void java.lang.invoke.DirectMethodHandle$Holder.invokeSpecial(java.lang.Object, java.lang.Object, java.lang.Object, java.lang.Object, java.lang.Object, java.lang.Object, java.lang.Object)'> (0x00000000c3f72538) 
thrown [s\src\hotspot\share\interpreter\linkResolver.cpp, line 759]
Event: 18.170 Thread 0x000001f2710fea60 Exception <a 'java/lang/NoSuchMethodError'{0x00000000c3f7cd58}: 'java.lang.Object java.lang.invoke.DirectMethodHandle$Holder.newInvokeSpecial(java.lang.Object, java.lang.Object, java.lang.Object, java.lang.Object, java.lang.Object, java.lang.Object)'> (0x00000000c3f7cd58) 
thrown [s\src\hotspot\share\interpreter\linkResolver.cpp, line 759]
Event: 19.086 Thread 0x000001f2710fea60 Exception <a 'java/lang/NoSuchMethodError'{0x00000000c31654b8}: 'java.lang.Object java.lang.invoke.DirectMethodHandle$Holder.invokeInterface(java.lang.Object, java.lang.Object, int)'> (0x00000000c31654b8) 
thrown [s\src\hotspot\share\interpreter\linkResolver.cpp, line 759]
Event: 19.089 Thread 0x000001f2710fea60 Exception <a 'java/lang/IncompatibleClassChangeError'{0x00000000c3178540}: Found class java.lang.Object, but interface was expected> (0x00000000c3178540) 
thrown [s\src\hotspot\share\interpreter\linkResolver.cpp, line 826]
Event: 19.834 Thread 0x000001f2710fea60 Exception <a 'java/lang/NoSuchMethodError'{0x00000000c2c49dc8}: 'java.lang.Object java.lang.invoke.DirectMethodHandle$Holder.newInvokeSpecial(java.lang.Object, java.lang.Object, int, java.lang.Object, java.lang.Object)'> (0x00000000c2c49dc8) 
thrown [s\src\hotspot\share\interpreter\linkResolver.cpp, line 759]
Event: 19.836 Thread 0x000001f2710fea60 Exception <a 'java/lang/NoSuchMethodError'{0x00000000c2c5c970}: 'java.lang.Object java.lang.invoke.DirectMethodHandle$Holder.invokeSpecial(java.lang.Object, java.lang.Object, int, java.lang.Object, int, java.lang.Object)'> (0x00000000c2c5c970) 
thrown [s\src\hotspot\share\interpreter\linkResolver.cpp, line 759]
Event: 19.837 Thread 0x000001f2710fea60 Exception <a 'java/lang/NoSuchMethodError'{0x00000000c2c64778}: 'java.lang.Object java.lang.invoke.DirectMethodHandle$Holder.newInvokeSpecial(java.lang.Object, java.lang.Object, int, java.lang.Object, int)'> (0x00000000c2c64778) 
thrown [s\src\hotspot\share\interpreter\linkResolver.cpp, line 759]
Event: 19.837 Thread 0x000001f2710fea60 Exception <a 'java/lang/NoSuchMethodError'{0x00000000c2c68878}: 'java.lang.Object java.lang.invoke.DirectMethodHandle$Holder.invokeSpecial(java.lang.Object, java.lang.Object, java.lang.Object, int, java.lang.Object, int)'> (0x00000000c2c68878) 
thrown [s\src\hotspot\share\interpreter\linkResolver.cpp, line 759]
Event: 20.559 Thread 0x000001f2051e90b0 Exception <a 'java/lang/NoSuchMethodError'{0x00000000c2c60bf0}: 'java.lang.Object java.lang.invoke.DirectMethodHandle$Holder.invokeStatic(java.lang.Object, java.lang.Object, java.lang.Object, int, java.lang.Object, java.lang.Object)'> (0x00000000c2c60bf0) 
thrown [s\src\hotspot\share\interpreter\linkResolver.cpp, line 759]
Event: 20.754 Thread 0x000001f205455d90 Exception <a 'java/lang/NoSuchMethodError'{0x00000000c2907c38}: 'java.lang.Object java.lang.invoke.DirectMethodHandle$Holder.invokeStatic(java.lang.Object, int, java.lang.Object)'> (0x00000000c2907c38) 
thrown [s\src\hotspot\share\interpreter\linkResolver.cpp, line 759]
Event: 21.041 Thread 0x000001f205455d90 Exception <a 'java/lang/NoSuchMethodError'{0x00000000c242b9e8}: 'int java.lang.invoke.DirectMethodHandle$Holder.invokeStatic(java.lang.Object)'> (0x00000000c242b9e8) 
thrown [s\src\hotspot\share\interpreter\linkResolver.cpp, line 759]
Event: 21.042 Thread 0x000001f205455d90 Exception <a 'java/lang/NoSuchMethodError'{0x00000000c242f338}: 'int java.lang.invoke.DirectMethodHandle$Holder.invokeStaticInit(java.lang.Object)'> (0x00000000c242f338) 
thrown [s\src\hotspot\share\interpreter\linkResolver.cpp, line 759]
Event: 21.246 Thread 0x000001f205455d90 Exception <a 'java/lang/NoSuchMethodError'{0x00000000c23e0640}: 'java.lang.Object java.lang.invoke.DirectMethodHandle$Holder.newInvokeSpecial(java.lang.Object, java.lang.Object, int)'> (0x00000000c23e0640) 
thrown [s\src\hotspot\share\interpreter\linkResolver.cpp, line 759]
Event: 21.822 Thread 0x000001f204b8bc40 Exception <a 'java/lang/NoSuchMethodError'{0x00000000c2682098}: 'java.lang.Object java.lang.invoke.DirectMethodHandle$Holder.newInvokeSpecial(java.lang.Object, java.lang.Object, java.lang.Object, java.lang.Object, java.lang.Object, long)'> (0x00000000c2682098) 
thrown [s\src\hotspot\share\interpreter\linkResolver.cpp, line 759]
Event: 21.823 Thread 0x000001f204b8bc40 Exception <a 'java/lang/NoSuchMethodError'{0x00000000c2595850}: 'java.lang.Object java.lang.invoke.DirectMethodHandle$Holder.invokeSpecial(java.lang.Object, java.lang.Object, java.lang.Object, java.lang.Object, java.lang.Object, java.lang.Object, long)'> (0x00000000c2595850) 
thrown [s\src\hotspot\share\interpreter\linkResolver.cpp, line 759]
Event: 21.865 Thread 0x000001f204b8ad10 Exception <a 'java/lang/NoSuchMethodError'{0x00000000c2411be8}: 'java.lang.Object java.lang.invoke.Invokers$Holder.invoke_MT(java.lang.Object, java.lang.Object, java.lang.Object)'> (0x00000000c2411be8) 
thrown [s\src\hotspot\share\interpreter\linkResolver.cpp, line 759]
Event: 22.149 Thread 0x000001f205ccd120 Exception <a 'java/lang/NoSuchMethodError'{0x00000000c2f07300}: 'void java.lang.invoke.DirectMethodHandle$Holder.invokeVirtual(java.lang.Object, java.lang.Object, java.lang.Object, java.lang.Object)'> (0x00000000c2f07300) 
thrown [s\src\hotspot\share\interpreter\linkResolver.cpp, line 759]
Event: 22.327 Thread 0x000001f205ccd120 Exception <a 'sun/nio/fs/WindowsException'{0x00000000c3fa34b8}> (0x00000000c3fa34b8) 
thrown [s\src\hotspot\share\prims\jni.cpp, line 516]
Event: 22.607 Thread 0x000001f204b8c660 Exception <a 'java/lang/IncompatibleClassChangeError'{0x00000000c34418e0}: Found class java.lang.Object, but interface was expected> (0x00000000c34418e0) 
thrown [s\src\hotspot\share\interpreter\linkResolver.cpp, line 826]
Event: 22.607 Thread 0x000001f204b8ad10 Exception <a 'java/lang/IncompatibleClassChangeError'{0x00000000c355a618}: Found class java.lang.Object, but interface was expected> (0x00000000c355a618) 
thrown [s\src\hotspot\share\interpreter\linkResolver.cpp, line 826]

VM Operations (20 events):
Event: 22.318 Executing VM operation: G1CollectForAllocation done
Event: 22.328 Executing VM operation: HandshakeAllThreads
Event: 22.328 Executing VM operation: HandshakeAllThreads done
Event: 22.420 Executing VM operation: G1CollectForAllocation
Event: 22.426 Executing VM operation: G1CollectForAllocation done
Event: 22.461 Executing VM operation: G1PauseRemark
Event: 22.465 Executing VM operation: G1PauseRemark done
Event: 22.482 Executing VM operation: G1PauseCleanup
Event: 22.482 Executing VM operation: G1PauseCleanup done
Event: 22.612 Executing VM operation: G1CollectForAllocation
Event: 22.619 Executing VM operation: G1CollectForAllocation done
Event: 22.639 Executing VM operation: G1CollectForAllocation
Event: 22.645 Executing VM operation: G1CollectForAllocation done
Event: 22.681 Executing VM operation: G1PauseRemark
Event: 22.685 Executing VM operation: G1PauseRemark done
Event: 22.704 Executing VM operation: G1PauseCleanup
Event: 22.706 Executing VM operation: G1PauseCleanup done
Event: 22.706 Executing VM operation: G1CollectForAllocation
Event: 22.711 Executing VM operation: G1CollectForAllocation done
Event: 22.712 Executing VM operation: G1CollectForAllocation

Events (20 events):
Event: 22.650 loading class jdk/internal/icu/impl/CharTrie
Event: 22.650 loading class jdk/internal/icu/impl/Trie
Event: 22.650 loading class jdk/internal/icu/impl/Trie done
Event: 22.650 loading class jdk/internal/icu/impl/CharTrie done
Event: 22.651 loading class jdk/internal/icu/lang/UCharacter
Event: 22.651 loading class jdk/internal/icu/lang/UCharacter done
Event: 22.651 loading class jdk/internal/icu/impl/UCharacterProperty
Event: 22.651 loading class jdk/internal/icu/impl/UCharacterProperty done
Event: 22.651 loading class jdk/internal/icu/impl/UCharacterProperty$1
Event: 22.651 loading class jdk/internal/icu/impl/UCharacterProperty$BiDiIntProperty
Event: 22.651 loading class jdk/internal/icu/impl/UCharacterProperty$IntProperty
Event: 22.651 loading class jdk/internal/icu/impl/UCharacterProperty$IntProperty done
Event: 22.651 loading class jdk/internal/icu/impl/UCharacterProperty$BiDiIntProperty done
Event: 22.651 loading class jdk/internal/icu/impl/UCharacterProperty$1 done
Event: 22.701 loading class java/util/stream/ReduceOps$4
Event: 22.701 loading class java/util/stream/ReduceOps$4 done
Event: 22.701 loading class java/util/stream/ReduceOps$4ReducingSink
Event: 22.701 loading class java/util/stream/ReduceOps$4ReducingSink done
Event: 22.705 loading class java/nio/file/Files$2
Event: 22.705 loading class java/nio/file/Files$2 done


Dynamic libraries:
0x00007ff6cfe60000 - 0x00007ff6cfe6e000 	c:\Users\tiago\.vscode\extensions\redhat.java-1.23.0-win32-x64\jre\17.0.8.1-win32-x86_64\bin\java.exe
0x00007ffd6a3f0000 - 0x00007ffd6a607000 	C:\Windows\SYSTEM32\ntdll.dll
0x00007ffd683a0000 - 0x00007ffd68464000 	C:\Windows\System32\KERNEL32.DLL
0x00007ffd678a0000 - 0x00007ffd67c46000 	C:\Windows\System32\KERNELBASE.dll
0x00007ffd67f60000 - 0x00007ffd68071000 	C:\Windows\System32\ucrtbase.dll
0x00007ffd5ef80000 - 0x00007ffd5ef97000 	c:\Users\tiago\.vscode\extensions\redhat.java-1.23.0-win32-x64\jre\17.0.8.1-win32-x86_64\bin\jli.dll
0x00007ffd69c80000 - 0x00007ffd69e2d000 	C:\Windows\System32\USER32.dll
0x00007ffd68080000 - 0x00007ffd680a6000 	C:\Windows\System32\win32u.dll
0x00007ffd68370000 - 0x00007ffd68399000 	C:\Windows\System32\GDI32.dll
0x00007ffd67cd0000 - 0x00007ffd67de8000 	C:\Windows\System32\gdi32full.dll
0x00007ffd680b0000 - 0x00007ffd6814a000 	C:\Windows\System32\msvcp_win.dll
0x00007ffd5ece0000 - 0x00007ffd5ecf9000 	c:\Users\tiago\.vscode\extensions\redhat.java-1.23.0-win32-x64\jre\17.0.8.1-win32-x86_64\bin\VCRUNTIME140.dll
0x00007ffd45120000 - 0x00007ffd453b3000 	C:\Windows\WinSxS\amd64_microsoft.windows.common-controls_6595b64144ccf1df_6.0.22621.2361_none_2712ced57382f843\COMCTL32.dll
0x00007ffd68d30000 - 0x00007ffd68dd7000 	C:\Windows\System32\msvcrt.dll
0x00007ffd69310000 - 0x00007ffd69341000 	C:\Windows\System32\IMM32.DLL
0x00007ffd5f910000 - 0x00007ffd5f91c000 	c:\Users\tiago\.vscode\extensions\redhat.java-1.23.0-win32-x64\jre\17.0.8.1-win32-x86_64\bin\vcruntime140_1.dll
0x00007ffd461b0000 - 0x00007ffd46241000 	c:\Users\tiago\.vscode\extensions\redhat.java-1.23.0-win32-x64\jre\17.0.8.1-win32-x86_64\bin\msvcp140.dll
0x00007ffcf92f0000 - 0x00007ffcf9f3c000 	c:\Users\tiago\.vscode\extensions\redhat.java-1.23.0-win32-x64\jre\17.0.8.1-win32-x86_64\bin\server\jvm.dll
0x00007ffd68250000 - 0x00007ffd68300000 	C:\Windows\System32\ADVAPI32.dll
0x00007ffd68650000 - 0x00007ffd686f6000 	C:\Windows\System32\sechost.dll
0x00007ffd6a050000 - 0x00007ffd6a167000 	C:\Windows\System32\RPCRT4.dll
0x00007ffd67490000 - 0x00007ffd674dd000 	C:\Windows\SYSTEM32\POWRPROF.dll
0x00007ffd5efe0000 - 0x00007ffd5efe9000 	C:\Windows\SYSTEM32\WSOCK32.dll
0x00007ffd68700000 - 0x00007ffd68771000 	C:\Windows\System32\WS2_32.dll
0x00007ffd50590000 - 0x00007ffd505c4000 	C:\Windows\SYSTEM32\WINMM.dll
0x00007ffd5b730000 - 0x00007ffd5b73a000 	C:\Windows\SYSTEM32\VERSION.dll
0x00007ffd67470000 - 0x00007ffd67483000 	C:\Windows\SYSTEM32\UMPDC.dll
0x00007ffd667b0000 - 0x00007ffd667c8000 	C:\Windows\SYSTEM32\kernel.appcore.dll
0x00007ffd5dfc0000 - 0x00007ffd5dfca000 	c:\Users\tiago\.vscode\extensions\redhat.java-1.23.0-win32-x64\jre\17.0.8.1-win32-x86_64\bin\jimage.dll
0x00007ffd557a0000 - 0x00007ffd559ce000 	C:\Windows\SYSTEM32\DBGHELP.DLL
0x00007ffd68800000 - 0x00007ffd68b8a000 	C:\Windows\System32\combase.dll
0x00007ffd68570000 - 0x00007ffd68647000 	C:\Windows\System32\OLEAUT32.dll
0x00007ffd5c950000 - 0x00007ffd5c982000 	C:\Windows\SYSTEM32\dbgcore.DLL
0x00007ffd67c50000 - 0x00007ffd67cca000 	C:\Windows\System32\bcryptPrimitives.dll
0x00007ffd50780000 - 0x00007ffd507a5000 	c:\Users\tiago\.vscode\extensions\redhat.java-1.23.0-win32-x64\jre\17.0.8.1-win32-x86_64\bin\java.dll
0x00007ffd5ca50000 - 0x00007ffd5ca68000 	c:\Users\tiago\.vscode\extensions\redhat.java-1.23.0-win32-x64\jre\17.0.8.1-win32-x86_64\bin\zip.dll
0x00007ffd69420000 - 0x00007ffd69c78000 	C:\Windows\System32\SHELL32.dll
0x00007ffd656d0000 - 0x00007ffd65fc2000 	C:\Windows\SYSTEM32\windows.storage.dll
0x00007ffd65590000 - 0x00007ffd656ce000 	C:\Windows\SYSTEM32\wintypes.dll
0x00007ffd68470000 - 0x00007ffd68563000 	C:\Windows\System32\SHCORE.dll
0x00007ffd687a0000 - 0x00007ffd687fe000 	C:\Windows\System32\shlwapi.dll
0x00007ffd676a0000 - 0x00007ffd676c6000 	C:\Windows\SYSTEM32\profapi.dll
0x00007ffd4f450000 - 0x00007ffd4f469000 	C:\Users\tiago\.vscode\extensions\redhat.java-1.23.0-win32-x64\jre\17.0.8.1-win32-x86_64\bin\net.dll
0x00007ffd60200000 - 0x00007ffd60337000 	C:\Windows\SYSTEM32\WINHTTP.dll
0x00007ffd66c30000 - 0x00007ffd66c99000 	C:\Windows\system32\mswsock.dll
0x00007ffd4f1a0000 - 0x00007ffd4f1b5000 	C:\Users\tiago\.vscode\extensions\redhat.java-1.23.0-win32-x64\jre\17.0.8.1-win32-x86_64\bin\nio.dll
0x00007ffd66e80000 - 0x00007ffd66e9b000 	C:\Windows\SYSTEM32\CRYPTSP.dll
0x00007ffd66710000 - 0x00007ffd66745000 	C:\Windows\system32\rsaenh.dll
0x00007ffd66d20000 - 0x00007ffd66d4c000 	C:\Windows\SYSTEM32\USERENV.dll
0x00007ffd67020000 - 0x00007ffd67048000 	C:\Windows\SYSTEM32\bcrypt.dll
0x00007ffd66ea0000 - 0x00007ffd66eac000 	C:\Windows\SYSTEM32\CRYPTBASE.dll
0x00007ffd66220000 - 0x00007ffd6624d000 	C:\Windows\SYSTEM32\IPHLPAPI.DLL
0x00007ffd69350000 - 0x00007ffd69359000 	C:\Windows\System32\NSI.dll
0x00007ffd60360000 - 0x00007ffd60379000 	C:\Windows\SYSTEM32\dhcpcsvc6.DLL
0x00007ffd60340000 - 0x00007ffd6035f000 	C:\Windows\SYSTEM32\dhcpcsvc.DLL
0x00007ffd66250000 - 0x00007ffd66349000 	C:\Windows\SYSTEM32\DNSAPI.dll
0x00007ffd5d480000 - 0x00007ffd5d490000 	c:\Users\tiago\.vscode\extensions\redhat.java-1.23.0-win32-x64\jre\17.0.8.1-win32-x86_64\bin\verify.dll
0x00007ffd5a390000 - 0x00007ffd5a399000 	C:\Users\tiago\.vscode\extensions\redhat.java-1.23.0-win32-x64\jre\17.0.8.1-win32-x86_64\bin\management.dll
0x00007ffd58f80000 - 0x00007ffd58f8b000 	C:\Users\tiago\.vscode\extensions\redhat.java-1.23.0-win32-x64\jre\17.0.8.1-win32-x86_64\bin\management_ext.dll
0x00007ffd68780000 - 0x00007ffd68788000 	C:\Windows\System32\PSAPI.DLL
0x00007ffd5f920000 - 0x00007ffd5f92e000 	C:\Users\tiago\.vscode\extensions\redhat.java-1.23.0-win32-x64\jre\17.0.8.1-win32-x86_64\bin\sunmscapi.dll
0x00007ffd67df0000 - 0x00007ffd67f56000 	C:\Windows\System32\CRYPT32.dll
0x00007ffd66ff0000 - 0x00007ffd6701d000 	C:\Windows\SYSTEM32\ncrypt.dll
0x00007ffd66fb0000 - 0x00007ffd66fe7000 	C:\Windows\SYSTEM32\NTASN1.dll
0x00007ffd5c570000 - 0x00007ffd5c57a000 	C:\Windows\System32\rasadhlp.dll
0x00007ffd60410000 - 0x00007ffd60494000 	C:\Windows\System32\fwpuclnt.dll

dbghelp: loaded successfully - version: 4.0.5 - missing functions: none
symbol engine: initialized successfully - sym options: 0x614 - pdb path: .;c:\Users\tiago\.vscode\extensions\redhat.java-1.23.0-win32-x64\jre\17.0.8.1-win32-x86_64\bin;C:\Windows\SYSTEM32;C:\Windows\WinSxS\amd64_microsoft.windows.common-controls_6595b64144ccf1df_6.0.22621.2361_none_2712ced57382f843;c:\Users\tiago\.vscode\extensions\redhat.java-1.23.0-win32-x64\jre\17.0.8.1-win32-x86_64\bin\server

VM Arguments:
jvm_args: -XX:+HeapDumpOnOutOfMemoryError -Xmx1024m -Dsts.lsp.client=vscode -Dsts.log.file=/dev/null -XX:TieredStopAtLevel=1 -Xlog:jni+resolve=off -Dspring.config.location=file:c:\Users\tiago\.vscode\extensions\vmware.vscode-spring-boot-1.49.0\language-server\BOOT-INF\classes\application.properties 
java_command: org.springframework.ide.vscode.boot.app.BootLanguageServerBootApp
java_class_path (initial): c:\Users\tiago\.vscode\extensions\vmware.vscode-spring-boot-1.49.0\language-server\BOOT-INF\classes;c:\Users\tiago\.vscode\extensions\vmware.vscode-spring-boot-1.49.0\language-server\BOOT-INF\lib\annotations-24.0.1.jar;c:\Users\tiago\.vscode\extensions\vmware.vscode-spring-boot-1.49.0\language-server\BOOT-INF\lib\antlr-runtime-3.5.3.jar;c:\Users\tiago\.vscode\extensions\vmware.vscode-spring-boot-1.49.0\language-server\BOOT-INF\lib\antlr4-4.11.1.jar;c:\Users\tiago\.vscode\extensions\vmware.vscode-spring-boot-1.49.0\language-server\BOOT-INF\lib\antlr4-runtime-4.11.1.jar;c:\Users\tiago\.vscode\extensions\vmware.vscode-spring-boot-1.49.0\language-server\BOOT-INF\lib\archunit-1.1.0.jar;c:\Users\tiago\.vscode\extensions\vmware.vscode-spring-boot-1.49.0\language-server\BOOT-INF\lib\asm-9.5.jar;c:\Users\tiago\.vscode\extensions\vmware.vscode-spring-boot-1.49.0\language-server\BOOT-INF\lib\asm-analysis-9.5.jar;c:\Users\tiago\.vscode\extensions\vmware.vscode-spring-boot-1.49.0\language-server\BOOT-INF\lib\asm-tree-9.5.jar;c:\Users\tiago\.vscode\extensions\vmware.vscode-spring-boot-1.49.0\language-server\BOOT-INF\lib\asm-util-9.5.jar;c:\Users\tiago\.vscode\extensions\vmware.vscode-spring-boot-1.49.0\language-server\BOOT-INF\lib\bosh-language-server-1.49.0-SNAPSHOT.jar;c:\Users\tiago\.vscode\extensions\vmware.vscode-spring-boot-1.49.0\language-server\BOOT-INF\lib\caffeine-3.1.6.jar;c:\Users\tiago\.vscode\extensions\vmware.vscode-spring-boot-1.49.0\language-server\BOOT-INF\lib\checker-qual-3.12.0.jar;c:\Users\tiago\.vscode\extensions\vmware.vscode-spring-boot-1.49.0\language-server\BOOT-INF\lib\classgraph-4.8.149.jar;c:\Users\tiago\.vscode\extensions\vmware.vscode-spring-boot-1.49.0\language-server\BOOT-INF\lib\commons-codec-1.15.jar;c:\Users\tiago\.vscode\extensions\vmware.vscode-spring-boot-1.49.0\language-server\BOOT-INF\lib\commons-compress-1.23.0.jar;c:\Users\tiago\.vscode\extensions\vmware.vscode-spring-boot-1.49.0\language-server\BOOT-INF\lib\
Launcher Type: SUN_STANDARD

[Global flags]
     intx CICompilerCount                          = 2                                         {product} {ergonomic}
     uint ConcGCThreads                            = 1                                         {product} {ergonomic}
     uint G1ConcRefinementThreads                  = 2                                         {product} {ergonomic}
   size_t G1HeapRegionSize                         = 1048576                                   {product} {ergonomic}
    uintx GCDrainStackTargetSize                   = 64                                        {product} {ergonomic}
     bool HeapDumpOnOutOfMemoryError               = true                                   {manageable} {command line}
   size_t InitialHeapSize                          = 67108864                                  {product} {ergonomic}
   size_t MarkStackSize                            = 4194304                                   {product} {ergonomic}
   size_t MaxHeapSize                              = 1073741824                                {product} {command line}
   size_t MaxNewSize                               = 643825664                                 {product} {ergonomic}
   size_t MinHeapDeltaBytes                        = 1048576                                   {product} {ergonomic}
   size_t MinHeapSize                              = 8388608                                   {product} {ergonomic}
    uintx NonProfiledCodeHeapSize                  = 0                                      {pd product} {ergonomic}
     bool ProfileInterpreter                       = false                                  {pd product} {command line}
    uintx ProfiledCodeHeapSize                     = 0                                      {pd product} {ergonomic}
   size_t SoftMaxHeapSize                          = 1073741824                             {manageable} {ergonomic}
     intx TieredStopAtLevel                        = 1                                         {product} {command line}
     bool UseCompressedClassPointers               = true                           {product lp64_product} {ergonomic}
     bool UseCompressedOops                        = true                           {product lp64_product} {ergonomic}
     bool UseG1GC                                  = true                                      {product} {ergonomic}
     bool UseLargePagesIndividualAllocation        = false                                  {pd product} {ergonomic}

Logging:
Log output configuration:
 #0: stdout all=warning,jni+resolve=off uptime,level,tags
 #1: stderr all=off uptime,level,tags

Environment Variables:
PATH=C:\Program Files\Common Files\Oracle\Java\javapath;C:\Windows\system32;C:\Windows;C:\Windows\System32\Wbem;C:\Windows\System32\WindowsPowerShell\v1.0\;C:\Windows\System32\OpenSSH\;C:\Program Files\Git\cmd;C:\Program Files\nodejs\;C:\Program Files\Graphviz\bin;C:\Users\tiago\AppData\Local\Microsoft\WindowsApps;;C:\Users\tiago\AppData\Local\Programs\Microsoft VS Code\bin;C:\Users\tiago\AppData\Roaming\npm
USERNAME=tiago
OS=Windows_NT
PROCESSOR_IDENTIFIER=Intel64 Family 6 Model 85 Stepping 7, GenuineIntel
TMP=C:\Users\tiago\AppData\Local\Temp
TEMP=C:\Users\tiago\AppData\Local\Temp



---------------  S Y S T E M  ---------------

OS:
 Windows 11 , 64 bit Build 22621 (10.0.22621.2428)
OS uptime: 0 days 3:50 hours
Hyper-V virtualization detected

CPU: total 2 (initial active 2) (2 cores per cpu, 1 threads per core) family 6 model 85 stepping 7 microcode 0xffffffff, cx8, cmov, fxsr, mmx, 3dnowpref, sse, sse2, sse3, ssse3, sse4.1, sse4.2, popcnt, lzcnt, tsc, avx, avx2, aes, erms, clmul, bmi1, bmi2, rtm, adx, avx512f, avx512dq, avx512cd, avx512bw, avx512vl, fma, vzeroupper, clflush, clflushopt, hv
Processor Information for all 2 processors :
  Max Mhz: 2594, Current Mhz: 2594, Mhz Limit: 2594

Memory: 4k page, system-wide physical 4094M (192M free)
TotalPageFile size 5118M (AvailPageFile size 84M)
current process WorkingSet (physical memory assigned to process): 173M, peak: 173M
current process commit charge ("private bytes"): 213M, peak: 321M

vm_info: OpenJDK 64-Bit Server VM (17.0.8.1+1) for windows-amd64 JRE (17.0.8.1+1), built on Aug 23 2023 15:29:17 by "admin" with MS VC++ 16.7 (VS2019)

END.
